android/app/build/intermediates/manifest_merge_blame_file/release/processReleaseMainManifest/manifest-merger-blame-release-report.txt
1<?xml version="1.0" encoding="utf-8"?>
2<manifest xmlns:android="http://schemas.android.com/apk/res/android"
3    package="com.example.step_tracker_app"
4    android:versionCode="1"
5    android:versionName="1.0.0" >
6
7    <uses-sdk
8        android:minSdkVersion="26"
9        android:targetSdkVersion="35" />
10
11    <!-- ========== BLE Permissions ========== -->
12    <uses-permission android:name="android.permission.BLUETOOTH" />
12-->src\main\AndroidManifest.xml:5:5-68
12-->src\main\AndroidManifest.xml:5:22-65
13    <uses-permission android:name="android.permission.BLUETOOTH_ADMIN" />
13-->src\main\AndroidManifest.xml:6:5-74
13-->src\main\AndroidManifest.xml:6:22-71
14    <uses-permission android:name="android.permission.ACCESS_FINE_LOCATION" />
14-->src\main\AndroidManifest.xml:7:5-79
14-->src\main\AndroidManifest.xml:7:22-76
15    <uses-permission android:name="android.permission.ACCESS_COARSE_LOCATION" />
15-->src\main\AndroidManifest.xml:8:5-81
15-->src\main\AndroidManifest.xml:8:22-78
16    <uses-permission
16-->src\main\AndroidManifest.xml:9:5-11:32
17        android:name="android.permission.BLUETOOTH_SCAN"
17-->src\main\AndroidManifest.xml:9:22-70
18        android:usesPermissionFlags="neverForLocation" />
18-->src\main\AndroidManifest.xml:10:9-55
19    <uses-permission android:name="android.permission.BLUETOOTH_CONNECT" />
19-->src\main\AndroidManifest.xml:12:5-76
19-->src\main\AndroidManifest.xml:12:22-73
20    <uses-permission android:name="android.permission.BLUETOOTH_ADVERTISE" />
20-->src\main\AndroidManifest.xml:13:5-78
20-->src\main\AndroidManifest.xml:13:22-75
21
22    <!-- ========== Health & Activity Permissions ========== -->
23    <uses-permission android:name="android.permission.ACTIVITY_RECOGNITION" />
23-->src\main\AndroidManifest.xml:16:5-79
23-->src\main\AndroidManifest.xml:16:22-76
24    <uses-permission android:name="android.permission.health.READ_STEPS" />
24-->src\main\AndroidManifest.xml:17:5-76
24-->src\main\AndroidManifest.xml:17:22-73
25    <uses-permission android:name="android.permission.health.WRITE_STEPS" />
25-->src\main\AndroidManifest.xml:18:5-77
25-->src\main\AndroidManifest.xml:18:22-74
26
27    <!-- ========== Foreground Service & Notifications ========== -->
28    <uses-permission android:name="android.permission.FOREGROUND_SERVICE" />
28-->src\main\AndroidManifest.xml:21:5-77
28-->src\main\AndroidManifest.xml:21:22-74
29    <uses-permission android:name="android.permission.POST_NOTIFICATIONS" />
29-->src\main\AndroidManifest.xml:22:5-77
29-->src\main\AndroidManifest.xml:22:22-74
30    <uses-permission android:name="android.permission.USE_FULL_SCREEN_INTENT" />
30-->src\main\AndroidManifest.xml:23:5-81
30-->src\main\AndroidManifest.xml:23:22-78
31    <uses-permission android:name="android.permission.WAKE_LOCK" />
31-->src\main\AndroidManifest.xml:24:5-68
31-->src\main\AndroidManifest.xml:24:22-65
32    <uses-permission android:name="android.permission.REQUEST_IGNORE_BATTERY_OPTIMIZATIONS" />
32-->src\main\AndroidManifest.xml:25:5-95
32-->src\main\AndroidManifest.xml:25:22-92
33    <uses-permission android:name="android.permission.RECEIVE_BOOT_COMPLETED" />
33-->src\main\AndroidManifest.xml:26:5-81
33-->src\main\AndroidManifest.xml:26:22-78
34    <uses-permission android:name="android.permission.SCHEDULE_EXACT_ALARM" />
34-->src\main\AndroidManifest.xml:27:5-79
34-->src\main\AndroidManifest.xml:27:22-76
35    <uses-permission android:name="android.permission.REQUEST_COMPANION_RUN_IN_BACKGROUND" />
35-->src\main\AndroidManifest.xml:28:5-94
35-->src\main\AndroidManifest.xml:28:22-91
36
37    <!-- ========== Hardware Features ========== -->
38    <uses-feature
38-->src\main\AndroidManifest.xml:31:5-33:36
39        android:name="android.hardware.sensor.stepcounter"
39-->src\main\AndroidManifest.xml:32:9-59
40        android:required="false" />
40-->src\main\AndroidManifest.xml:33:9-33
41
42    <!-- ========== Health Connect Queries ========== -->
43    <queries>
43-->src\main\AndroidManifest.xml:36:5-41:15
44        <package android:name="com.google.android.apps.healthdata" />
44-->src\main\AndroidManifest.xml:37:9-70
44-->src\main\AndroidManifest.xml:37:18-67
45
46        <intent>
46-->src\main\AndroidManifest.xml:38:9-40:18
47            <action android:name="androidx.health.ACTION_SHOW_PERMISSIONS_RATIONALE" />
47-->src\main\AndroidManifest.xml:39:13-88
47-->src\main\AndroidManifest.xml:39:21-85
48        </intent>
49    </queries>
50
51    <uses-permission android:name="android.permission.ACCESS_NETWORK_STATE" />
51-->[androidx.work:work-runtime:2.11.0] AndroidManifest.xml:24:5-79
51-->[androidx.work:work-runtime:2.11.0] AndroidManifest.xml:24:22-76
52
53    <permission
53-->[androidx.core:core:1.13.0] AndroidManifest.xml:22:5-24:47
54        android:name="com.example.step_tracker_app.DYNAMIC_RECEIVER_NOT_EXPORTED_PERMISSION"
54-->[androidx.core:core:1.13.0] AndroidManifest.xml:23:9-81
55        android:protectionLevel="signature" />
55-->[androidx.core:core:1.13.0] AndroidManifest.xml:24:9-44
56
57    <uses-permission android:name="com.example.step_tracker_app.DYNAMIC_RECEIVER_NOT_EXPORTED_PERMISSION" /> <!-- ========== Application ========== -->
57-->[androidx.core:core:1.13.0] AndroidManifest.xml:26:5-97
57-->[androidx.core:core:1.13.0] AndroidManifest.xml:26:22-94
58    <application
58-->src\main\AndroidManifest.xml:44:5-133:19
59        android:name="com.example.step_tracker_app.StridoApp"
59-->src\main\AndroidManifest.xml:45:9-34
60        android:allowBackup="true"
60-->src\main\AndroidManifest.xml:48:9-35
61        android:appComponentFactory="androidx.core.app.CoreComponentFactory"
61-->[androidx.core:core:1.13.0] AndroidManifest.xml:28:18-86
62        android:enableOnBackInvokedCallback="true"
62-->src\main\AndroidManifest.xml:51:9-51
63        android:extractNativeLibs="false"
64        android:icon="@mipmap/ic_launcher"
64-->src\main\AndroidManifest.xml:47:9-43
65        android:label="Strido"
65-->src\main\AndroidManifest.xml:46:9-31
66        android:supportsRtl="true"
66-->src\main\AndroidManifest.xml:49:9-35
67        android:theme="@style/LaunchTheme"
67-->src\main\AndroidManifest.xml:50:9-43
68        android:usesCleartextTraffic="true" >
68-->src\main\AndroidManifest.xml:52:9-44
69
70        <!-- Main Activity -->
71        <activity
71-->src\main\AndroidManifest.xml:55:9-79:20
72            android:name="com.example.step_tracker_app.MainActivity"
72-->src\main\AndroidManifest.xml:56:13-41
73            android:configChanges="orientation|keyboardHidden|keyboard|screenSize|smallestScreenSize|locale|layoutDirection|fontScale|screenLayout|density|uiMode"
73-->src\main\AndroidManifest.xml:60:13-163
74            android:exported="true"
74-->src\main\AndroidManifest.xml:57:13-36
75            android:hardwareAccelerated="true"
75-->src\main\AndroidManifest.xml:61:13-47
76            android:launchMode="singleTop"
76-->src\main\AndroidManifest.xml:58:13-43
77            android:theme="@style/LaunchTheme"
77-->src\main\AndroidManifest.xml:59:13-47
78            android:windowSoftInputMode="adjustResize" >
78-->src\main\AndroidManifest.xml:62:13-55
79            <meta-data
79-->src\main\AndroidManifest.xml:64:13-66:57
80                android:name="io.flutter.embedding.android.NormalTheme"
80-->src\main\AndroidManifest.xml:65:17-72
81                android:resource="@style/NormalTheme" />
81-->src\main\AndroidManifest.xml:66:17-54
82
83            <!-- Launcher -->
84            <intent-filter>
84-->src\main\AndroidManifest.xml:69:13-72:29
85                <action android:name="android.intent.action.MAIN" />
85-->src\main\AndroidManifest.xml:70:17-69
85-->src\main\AndroidManifest.xml:70:25-66
86
87                <category android:name="android.intent.category.LAUNCHER" />
87-->src\main\AndroidManifest.xml:71:17-77
87-->src\main\AndroidManifest.xml:71:27-74
88            </intent-filter>
89
90            <!-- Health Connect permission rationale -->
91            <intent-filter>
91-->src\main\AndroidManifest.xml:75:13-78:29
92                <action android:name="androidx.health.ACTION_SHOW_PERMISSIONS_RATIONALE" />
92-->src\main\AndroidManifest.xml:39:13-88
92-->src\main\AndroidManifest.xml:39:21-85
93
94                <category android:name="android.intent.category.HEALTH_PERMISSIONS" />
94-->src\main\AndroidManifest.xml:77:17-87
94-->src\main\AndroidManifest.xml:77:27-84
95            </intent-filter>
96        </activity> <!-- Health Connect permission usage activity alias -->
97        <activity-alias
97-->src\main\AndroidManifest.xml:82:9-91:26
98            android:name="com.example.step_tracker_app.ViewPermissionUsageActivity"
98-->src\main\AndroidManifest.xml:83:13-55
99            android:exported="true"
99-->src\main\AndroidManifest.xml:84:13-36
100            android:permission="android.permission.START_VIEW_PERMISSION_USAGE"
100-->src\main\AndroidManifest.xml:86:13-80
101            android:targetActivity="com.example.step_tracker_app.MainActivity" >
101-->src\main\AndroidManifest.xml:85:13-51
102            <intent-filter>
102-->src\main\AndroidManifest.xml:87:13-90:29
103                <action android:name="android.intent.action.VIEW_PERMISSION_USAGE" />
103-->src\main\AndroidManifest.xml:88:17-86
103-->src\main\AndroidManifest.xml:88:25-83
104
105                <category android:name="android.intent.category.HEALTH_PERMISSIONS" />
105-->src\main\AndroidManifest.xml:77:17-87
105-->src\main\AndroidManifest.xml:77:27-84
106            </intent-filter>
107        </activity-alias>
108
109        <!-- Foreground Service -->
110        <service
110-->src\main\AndroidManifest.xml:94:9-102:43
111            android:name="com.pravera.flutter_foreground_task.service.ForegroundService"
111-->src\main\AndroidManifest.xml:95:13-89
112            android:directBootAware="true"
112-->src\main\AndroidManifest.xml:99:13-43
113            android:enabled="true"
113-->src\main\AndroidManifest.xml:100:13-35
114            android:exported="false"
114-->src\main\AndroidManifest.xml:97:13-37
115            android:foregroundServiceType="dataSync|remoteMessaging|location"
115-->src\main\AndroidManifest.xml:96:13-78
116            android:isolatedProcess="false"
116-->src\main\AndroidManifest.xml:101:13-44
117            android:stopWithTask="false"
117-->src\main\AndroidManifest.xml:98:13-41
118            android:useAppZygote="true" />
118-->src\main\AndroidManifest.xml:102:13-40
119
120        <provider
121            android:name="androidx.startup.InitializationProvider"
121-->src\main\AndroidManifest.xml:111:13-67
122            android:authorities="com.example.step_tracker_app.androidx-startup"
122-->src\main\AndroidManifest.xml:112:13-68
123            android:exported="false" >
123-->src\main\AndroidManifest.xml:113:13-37
124            <meta-data
124-->[androidx.emoji2:emoji2:1.3.0] AndroidManifest.xml:29:13-31:52
125                android:name="androidx.emoji2.text.EmojiCompatInitializer"
125-->[androidx.emoji2:emoji2:1.3.0] AndroidManifest.xml:30:17-75
126                android:value="androidx.startup" />
126-->[androidx.emoji2:emoji2:1.3.0] AndroidManifest.xml:31:17-49
127            <meta-data
127-->[androidx.lifecycle:lifecycle-process:2.6.2] AndroidManifest.xml:29:13-31:52
128                android:name="androidx.lifecycle.ProcessLifecycleInitializer"
128-->[androidx.lifecycle:lifecycle-process:2.6.2] AndroidManifest.xml:30:17-78
129                android:value="androidx.startup" />
129-->[androidx.lifecycle:lifecycle-process:2.6.2] AndroidManifest.xml:31:17-49
130            <meta-data
130-->[androidx.profileinstaller:profileinstaller:1.3.1] AndroidManifest.xml:29:13-31:52
131                android:name="androidx.profileinstaller.ProfileInstallerInitializer"
131-->[androidx.profileinstaller:profileinstaller:1.3.1] AndroidManifest.xml:30:17-85
132                android:value="androidx.startup" />
132-->[androidx.profileinstaller:profileinstaller:1.3.1] AndroidManifest.xml:31:17-49
133        </provider>
134
135        <!-- Flutter & Firebase -->
136        <meta-data
136-->src\main\AndroidManifest.xml:122:9-72
137            android:name="flutterEmbedding"
137-->src\main\AndroidManifest.xml:122:20-51
138            android:value="2" />
138-->src\main\AndroidManifest.xml:122:52-69
139        <meta-data
139-->src\main\AndroidManifest.xml:123:9-125:46
140            android:name="com.google.firebase.messaging.default_notification_channel_id"
140-->src\main\AndroidManifest.xml:124:13-89
141            android:value="strido_channel" />
141-->src\main\AndroidManifest.xml:125:13-43
142        <meta-data
142-->src\main\AndroidManifest.xml:126:9-128:54
143            android:name="com.google.firebase.messaging.default_notification_icon"
143-->src\main\AndroidManifest.xml:127:13-83
144            android:resource="@mipmap/ic_launcher" />
144-->src\main\AndroidManifest.xml:128:13-51
145        <meta-data
145-->src\main\AndroidManifest.xml:129:9-131:65
146            android:name="com.google.firebase.messaging.default_notification_color"
146-->src\main\AndroidManifest.xml:130:13-84
147            android:resource="@color/notification_icon_color" />
147-->src\main\AndroidManifest.xml:131:13-62
148
149        <service
149-->[androidx.work:work-runtime:2.11.0] AndroidManifest.xml:39:9-45:35
150            android:name="androidx.work.impl.background.systemjob.SystemJobService"
150-->[androidx.work:work-runtime:2.11.0] AndroidManifest.xml:40:13-84
151            android:directBootAware="false"
151-->[androidx.work:work-runtime:2.11.0] AndroidManifest.xml:41:13-44
152            android:enabled="@bool/enable_system_job_service_default"
152-->[androidx.work:work-runtime:2.11.0] AndroidManifest.xml:42:13-70
153            android:exported="true"
153-->[androidx.work:work-runtime:2.11.0] AndroidManifest.xml:43:13-36
154            android:permission="android.permission.BIND_JOB_SERVICE" />
154-->[androidx.work:work-runtime:2.11.0] AndroidManifest.xml:44:13-69
155        <service
155-->[androidx.work:work-runtime:2.11.0] AndroidManifest.xml:46:9-52:35
156            android:name="androidx.work.impl.foreground.SystemForegroundService"
156-->[androidx.work:work-runtime:2.11.0] AndroidManifest.xml:47:13-81
157            android:directBootAware="false"
157-->[androidx.work:work-runtime:2.11.0] AndroidManifest.xml:48:13-44
158            android:enabled="@bool/enable_system_foreground_service_default"
158-->[androidx.work:work-runtime:2.11.0] AndroidManifest.xml:49:13-77
159            android:exported="false" />
159-->[androidx.work:work-runtime:2.11.0] AndroidManifest.xml:50:13-37
160
161        <receiver
161-->[androidx.work:work-runtime:2.11.0] AndroidManifest.xml:54:9-59:35
162            android:name="androidx.work.impl.utils.ForceStopRunnable$BroadcastReceiver"
162-->[androidx.work:work-runtime:2.11.0] AndroidManifest.xml:55:13-88
163            android:directBootAware="false"
163-->[androidx.work:work-runtime:2.11.0] AndroidManifest.xml:56:13-44
164            android:enabled="true"
164-->[androidx.work:work-runtime:2.11.0] AndroidManifest.xml:57:13-35
165            android:exported="false" />
165-->[androidx.work:work-runtime:2.11.0] AndroidManifest.xml:58:13-37
166        <receiver
166-->[androidx.work:work-runtime:2.11.0] AndroidManifest.xml:60:9-69:20
167            android:name="androidx.work.impl.background.systemalarm.RescheduleReceiver"
167-->[androidx.work:work-runtime:2.11.0] AndroidManifest.xml:61:13-88
168            android:directBootAware="false"
168-->[androidx.work:work-runtime:2.11.0] AndroidManifest.xml:62:13-44
169            android:enabled="false"
169-->[androidx.work:work-runtime:2.11.0] AndroidManifest.xml:63:13-36
170            android:exported="false" >
170-->[androidx.work:work-runtime:2.11.0] AndroidManifest.xml:64:13-37
171            <intent-filter>
171-->[androidx.work:work-runtime:2.11.0] AndroidManifest.xml:66:13-68:29
172                <action android:name="android.intent.action.BOOT_COMPLETED" />
172-->[androidx.work:work-runtime:2.11.0] AndroidManifest.xml:67:17-79
172-->[androidx.work:work-runtime:2.11.0] AndroidManifest.xml:67:25-76
173            </intent-filter>
174        </receiver>
175        <receiver
175-->[androidx.work:work-runtime:2.11.0] AndroidManifest.xml:70:9-80:20
176            android:name="androidx.work.impl.diagnostics.DiagnosticsReceiver"
176-->[androidx.work:work-runtime:2.11.0] AndroidManifest.xml:71:13-78
177            android:directBootAware="false"
177-->[androidx.work:work-runtime:2.11.0] AndroidManifest.xml:72:13-44
178            android:enabled="true"
178-->[androidx.work:work-runtime:2.11.0] AndroidManifest.xml:73:13-35
179            android:exported="true"
179-->[androidx.work:work-runtime:2.11.0] AndroidManifest.xml:74:13-36
180            android:permission="android.permission.DUMP" >
180-->[androidx.work:work-runtime:2.11.0] AndroidManifest.xml:75:13-57
181            <intent-filter>
181-->[androidx.work:work-runtime:2.11.0] AndroidManifest.xml:77:13-79:29
182                <action android:name="androidx.work.diagnostics.REQUEST_DIAGNOSTICS" />
182-->[androidx.work:work-runtime:2.11.0] AndroidManifest.xml:78:17-88
182-->[androidx.work:work-runtime:2.11.0] AndroidManifest.xml:78:25-85
183            </intent-filter>
184        </receiver>
185
186        <service
186-->[androidx.room:room-runtime-android:2.7.0] AndroidManifest.xml:24:9-28:63
187            android:name="androidx.room.MultiInstanceInvalidationService"
187-->[androidx.room:room-runtime-android:2.7.0] AndroidManifest.xml:25:13-74
188            android:directBootAware="true"
188-->[androidx.room:room-runtime-android:2.7.0] AndroidManifest.xml:26:13-43
189            android:exported="false" />
189-->[androidx.room:room-runtime-android:2.7.0] AndroidManifest.xml:27:13-37
190
191        <receiver
191-->[androidx.profileinstaller:profileinstaller:1.3.1] AndroidManifest.xml:34:9-52:20
192            android:name="androidx.profileinstaller.ProfileInstallReceiver"
192-->[androidx.profileinstaller:profileinstaller:1.3.1] AndroidManifest.xml:35:13-76
193            android:directBootAware="false"
193-->[androidx.profileinstaller:profileinstaller:1.3.1] AndroidManifest.xml:36:13-44
194            android:enabled="true"
194-->[androidx.profileinstaller:profileinstaller:1.3.1] AndroidManifest.xml:37:13-35
195            android:exported="true"
195-->[androidx.profileinstaller:profileinstaller:1.3.1] AndroidManifest.xml:38:13-36
196            android:permission="android.permission.DUMP" >
196-->[androidx.profileinstaller:profileinstaller:1.3.1] AndroidManifest.xml:39:13-57
197            <intent-filter>
197-->[androidx.profileinstaller:profileinstaller:1.3.1] AndroidManifest.xml:40:13-42:29
198                <action android:name="androidx.profileinstaller.action.INSTALL_PROFILE" />
198-->[androidx.profileinstaller:profileinstaller:1.3.1] AndroidManifest.xml:41:17-91
198-->[androidx.profileinstaller:profileinstaller:1.3.1] AndroidManifest.xml:41:25-88
199            </intent-filter>
200            <intent-filter>
200-->[androidx.profileinstaller:profileinstaller:1.3.1] AndroidManifest.xml:43:13-45:29
201                <action android:name="androidx.profileinstaller.action.SKIP_FILE" />
201-->[androidx.profileinstaller:profileinstaller:1.3.1] AndroidManifest.xml:44:17-85
201-->[androidx.profileinstaller:profileinstaller:1.3.1] AndroidManifest.xml:44:25-82
202            </intent-filter>
203            <intent-filter>
203-->[androidx.profileinstaller:profileinstaller:1.3.1] AndroidManifest.xml:46:13-48:29
204                <action android:name="androidx.profileinstaller.action.SAVE_PROFILE" />
204-->[androidx.profileinstaller:profileinstaller:1.3.1] AndroidManifest.xml:47:17-88
204-->[androidx.profileinstaller:profileinstaller:1.3.1] AndroidManifest.xml:47:25-85
205            </intent-filter>
206            <intent-filter>
206-->[androidx.profileinstaller:profileinstaller:1.3.1] AndroidManifest.xml:49:13-51:29
207                <action android:name="androidx.profileinstaller.action.BENCHMARK_OPERATION" />
207-->[androidx.profileinstaller:profileinstaller:1.3.1] AndroidManifest.xml:50:17-95
207-->[androidx.profileinstaller:profileinstaller:1.3.1] AndroidManifest.xml:50:25-92
208            </intent-filter>
209        </receiver>
210    </application>
211
212</manifest>